2016-10-13T17:16:08.175Z|00002|vlog|INFO|opened log file /usr/local/var/log/openvswitch/ovs-vswitchd.log
2016-10-13T17:16:08.175Z|00003|ovs_numa|INFO|Discovered 12 CPU cores on NUMA node 0
2016-10-13T17:16:08.175Z|00004|ovs_numa|INFO|Discovered 12 CPU cores on NUMA node 1
2016-10-13T17:16:08.176Z|00005|ovs_numa|INFO|Discovered 2 NUMA nodes and 24 CPU cores
2016-10-13T17:16:08.176Z|00006|memory|INFO|3860 kB peak resident set size after 12.2 seconds
2016-10-13T17:16:08.176Z|00007|reconnect|INFO|unix:/usr/local/var/run/openvswitch/db.sock: connecting...
2016-10-13T17:16:08.176Z|00008|reconnect|INFO|unix:/usr/local/var/run/openvswitch/db.sock: connected
2016-10-13T17:16:08.194Z|00009|ofproto_dpif|INFO|netdev@ovs-netdev: Datapath supports recirculation
2016-10-13T17:16:08.194Z|00010|ofproto_dpif|INFO|netdev@ovs-netdev: MPLS label stack length probed as 3
2016-10-13T17:16:08.194Z|00011|ofproto_dpif|INFO|netdev@ovs-netdev: Datapath supports unique flow ids
2016-10-13T17:16:08.194Z|00012|ofproto_dpif|INFO|netdev@ovs-netdev: Datapath does not support ct_state
2016-10-13T17:16:08.194Z|00013|ofproto_dpif|INFO|netdev@ovs-netdev: Datapath does not support ct_zone
2016-10-13T17:16:08.194Z|00014|ofproto_dpif|INFO|netdev@ovs-netdev: Datapath does not support ct_mark
2016-10-13T17:16:08.194Z|00015|ofproto_dpif|INFO|netdev@ovs-netdev: Datapath does not support ct_label
2016-10-13T17:16:08.194Z|00016|ofproto_dpif|INFO|netdev@ovs-netdev: Datapath does not support ct_state_nat
2016-10-13T17:16:08.194Z|00017|bridge|INFO|bridge ovsbr0: added interface ovsbr0 on port 65534
2016-10-13T17:16:08.198Z|00018|dpif_netlink|ERR|Generic Netlink family 'ovs_datapath' does not exist. The Open vSwitch kernel module is probably not loaded.
2016-10-13T17:16:08.198Z|00019|bridge|INFO|bridge ovsbr0: using datapath ID 0000c6631ac3fd48
2016-10-13T17:16:08.199Z|00020|connmgr|INFO|ovsbr0: added service controller "punix:/usr/local/var/run/openvswitch/ovsbr0.mgmt"
2016-10-13T17:16:08.200Z|00021|bridge|INFO|ovs-vswitchd (Open vSwitch) 2.5.90
2016-10-13T17:16:08.826Z|00022|dpdk|INFO|Port 0: 90:e2:ba:8a:20:28
2016-10-13T17:16:09.453Z|00023|dpdk|INFO|Port 0: 90:e2:ba:8a:20:28
2016-10-13T17:16:09.453Z|00024|dpif_netdev|INFO|Created 1 pmd threads on numa node 1
2016-10-13T17:16:09.453Z|00025|bridge|INFO|bridge ovsbr0: added interface dpdk0 on port 1
2016-10-13T17:16:09.453Z|00026|bridge|INFO|bridge ovsbr0: using datapath ID 000090e2ba8a2028
2016-10-13T17:16:09.453Z|00027|timeval|WARN|Unreasonably long 1250ms poll interval (1245ms user, 1ms system)
2016-10-13T17:16:09.453Z|00028|timeval|WARN|faults: 26 minor, 0 major
2016-10-13T17:16:09.454Z|00029|timeval|WARN|disk: 0 reads, 16 writes
2016-10-13T17:16:09.454Z|00030|timeval|WARN|context switches: 64 voluntary, 81 involuntary
2016-10-13T17:16:09.454Z|00031|coverage|INFO|Event coverage, avg rate over last: 5 seconds, last minute, last hour,  hash=4ce6b97e:
2016-10-13T17:16:09.454Z|00032|coverage|INFO|bridge_reconfigure         0.0/sec     0.000/sec        0.0000/sec   total: 3
2016-10-13T17:16:09.454Z|00033|coverage|INFO|ofproto_flush              0.0/sec     0.000/sec        0.0000/sec   total: 1
2016-10-13T17:16:09.454Z|00034|coverage|INFO|ofproto_update_port        0.0/sec     0.000/sec        0.0000/sec   total: 3
2016-10-13T17:16:09.454Z|00035|coverage|INFO|rev_reconfigure            0.0/sec     0.000/sec        0.0000/sec   total: 3
2016-10-13T17:16:09.454Z|00036|coverage|INFO|rev_flow_table             0.0/sec     0.000/sec        0.0000/sec   total: 1
2016-10-13T17:16:09.454Z|00037|coverage|INFO|cmap_expand                0.0/sec     0.000/sec        0.0000/sec   total: 6
2016-10-13T17:16:09.454Z|00038|coverage|INFO|cmap_shrink                0.0/sec     0.000/sec        0.0000/sec   total: 3
2016-10-13T17:16:09.454Z|00039|coverage|INFO|dpif_port_add              0.0/sec     0.000/sec        0.0000/sec   total: 2
2016-10-13T17:16:09.455Z|00040|coverage|INFO|dpif_flow_flush            0.0/sec     0.000/sec        0.0000/sec   total: 2
2016-10-13T17:16:09.455Z|00041|coverage|INFO|dpif_flow_get              0.0/sec     0.000/sec        0.0000/sec   total: 5
2016-10-13T17:16:09.455Z|00042|coverage|INFO|dpif_flow_put              0.0/sec     0.000/sec        0.0000/sec   total: 10
2016-10-13T17:16:09.455Z|00043|coverage|INFO|dpif_flow_del              0.0/sec     0.000/sec        0.0000/sec   total: 5
2016-10-13T17:16:09.455Z|00044|coverage|INFO|dpif_execute               0.0/sec     0.000/sec        0.0000/sec   total: 2
2016-10-13T17:16:09.456Z|00045|coverage|INFO|flow_extract               0.0/sec     0.000/sec        0.0000/sec   total: 1
2016-10-13T17:16:09.456Z|00046|coverage|INFO|miniflow_malloc            0.0/sec     0.000/sec        0.0000/sec   total: 57
2016-10-13T17:16:09.456Z|00047|coverage|INFO|hmap_pathological          0.0/sec     0.000/sec        0.0000/sec   total: 1
2016-10-13T17:16:09.456Z|00048|coverage|INFO|hmap_expand                0.0/sec     0.000/sec        0.0000/sec   total: 816
2016-10-13T17:16:09.456Z|00049|coverage|INFO|netdev_get_stats           0.0/sec     0.000/sec        0.0000/sec   total: 3
2016-10-13T17:16:09.457Z|00050|coverage|INFO|txn_incomplete             0.0/sec     0.000/sec        0.0000/sec   total: 13
2016-10-13T17:16:09.457Z|00051|coverage|INFO|txn_success                0.0/sec     0.000/sec        0.0000/sec   total: 4
2016-10-13T17:16:09.457Z|00052|coverage|INFO|poll_create_node           0.0/sec     0.000/sec        0.0000/sec   total: 438
2016-10-13T17:16:09.457Z|00053|coverage|INFO|poll_zero_timeout          0.0/sec     0.000/sec        0.0000/sec   total: 4
2016-10-13T17:16:09.457Z|00054|coverage|INFO|seq_change                 0.0/sec     0.000/sec        0.0000/sec   total: 1810
2016-10-13T17:16:09.457Z|00055|coverage|INFO|pstream_open               0.0/sec     0.000/sec        0.0000/sec   total: 3
2016-10-13T17:16:09.457Z|00056|coverage|INFO|stream_open                0.0/sec     0.000/sec        0.0000/sec   total: 1
2016-10-13T17:16:09.458Z|00057|coverage|INFO|util_xalloc                0.0/sec     0.000/sec        0.0000/sec   total: 16240
2016-10-13T17:16:09.458Z|00058|coverage|INFO|netdev_set_policing        0.0/sec     0.000/sec        0.0000/sec   total: 2
2016-10-13T17:16:09.458Z|00059|coverage|INFO|netdev_get_ifindex         0.0/sec     0.000/sec        0.0000/sec   total: 1
2016-10-13T17:16:09.458Z|00060|coverage|INFO|netdev_get_hwaddr          0.0/sec     0.000/sec        0.0000/sec   total: 7
2016-10-13T17:16:09.458Z|00061|coverage|INFO|netdev_set_hwaddr          0.0/sec     0.000/sec        0.0000/sec   total: 2
2016-10-13T17:16:09.458Z|00062|coverage|INFO|netdev_get_ethtool         0.0/sec     0.000/sec        0.0000/sec   total: 3
2016-10-13T17:16:09.458Z|00063|coverage|INFO|netlink_received           0.0/sec     0.000/sec        0.0000/sec   total: 22
2016-10-13T17:16:09.458Z|00064|coverage|INFO|netlink_recv_jumbo         0.0/sec     0.000/sec        0.0000/sec   total: 2
2016-10-13T17:16:09.458Z|00065|coverage|INFO|netlink_sent               0.0/sec     0.000/sec        0.0000/sec   total: 8
2016-10-13T17:16:09.458Z|00066|coverage|INFO|nln_changed                0.0/sec     0.000/sec        0.0000/sec   total: 5
2016-10-13T17:16:09.458Z|00067|coverage|INFO|64 events never hit
2016-10-13T17:16:09.460Z|00068|dpdk|INFO|Socket /usr/local/var/run/openvswitch/vhost-user1 created for vhost-user port vhost-user1
2016-10-13T17:16:09.590Z|00069|dpif_netdev|INFO|Created 1 pmd threads on numa node 0
2016-10-13T17:16:09.590Z|00070|bridge|INFO|bridge ovsbr0: added interface vhost-user1 on port 2
2016-10-13T17:16:09.593Z|00071|connmgr|INFO|ovsbr0<->unix: 1 flow_mods in the last 0 s (1 deletes)
2016-10-13T17:16:09.595Z|00072|connmgr|INFO|ovsbr0<->unix: 1 flow_mods in the last 0 s (1 adds)
2016-10-13T17:16:09.597Z|00073|connmgr|INFO|ovsbr0<->unix: 1 flow_mods in the last 0 s (1 adds)
2016-10-13T17:16:09.604Z|00074|bridge|INFO|bridge ovsbr1: added interface ovsbr1 on port 65534
2016-10-13T17:16:09.604Z|00075|bridge|INFO|bridge ovsbr1: using datapath ID 000022bce6557d4d
2016-10-13T17:16:09.604Z|00076|connmgr|INFO|ovsbr1: added service controller "punix:/usr/local/var/run/openvswitch/ovsbr1.mgmt"
2016-10-13T17:16:09.609Z|00077|dpdk|INFO|Socket /usr/local/var/run/openvswitch/vhost-user2 created for vhost-user port vhost-user2
2016-10-13T17:16:09.609Z|00078|bridge|INFO|bridge ovsbr1: added interface vhost-user2 on port 1
2016-10-13T17:16:10.094Z|00079|dpdk|INFO|Port 1: 90:e2:ba:8a:20:29
2016-10-13T17:16:10.705Z|00080|dpdk|INFO|Port 1: 90:e2:ba:8a:20:29
2016-10-13T17:16:10.705Z|00081|bridge|INFO|bridge ovsbr1: added interface dpdk1 on port 2
2016-10-13T17:16:10.705Z|00082|bridge|INFO|bridge ovsbr1: using datapath ID 000090e2ba8a2029
2016-10-13T17:16:10.705Z|00083|timeval|WARN|Unreasonably long 1092ms poll interval (552ms user, 0ms system)
2016-10-13T17:16:10.705Z|00084|timeval|WARN|faults: 1 minor, 0 major
2016-10-13T17:16:10.705Z|00085|timeval|WARN|disk: 0 reads, 8 writes
2016-10-13T17:16:10.705Z|00086|timeval|WARN|context switches: 53 voluntary, 107 involuntary
2016-10-13T17:16:10.705Z|00087|coverage|INFO|Event coverage, avg rate over last: 5 seconds, last minute, last hour,  hash=5e4541bb:
2016-10-13T17:16:10.705Z|00088|coverage|INFO|bridge_reconfigure         0.0/sec     0.000/sec        0.0000/sec   total: 9
2016-10-13T17:16:10.705Z|00089|coverage|INFO|ofproto_flush              0.0/sec     0.000/sec        0.0000/sec   total: 2
2016-10-13T17:16:10.705Z|00090|coverage|INFO|ofproto_recv_openflow      0.0/sec     0.000/sec        0.0000/sec   total: 6
2016-10-13T17:16:10.705Z|00091|coverage|INFO|ofproto_update_port        0.0/sec     0.000/sec        0.0000/sec   total: 17
2016-10-13T17:16:10.705Z|00092|coverage|INFO|rev_reconfigure            0.0/sec     0.000/sec        0.0000/sec   total: 10
2016-10-13T17:16:10.705Z|00093|coverage|INFO|rev_port_toggled           0.0/sec     0.000/sec        0.0000/sec   total: 1
2016-10-13T17:16:10.705Z|00094|coverage|INFO|rev_flow_table             0.0/sec     0.000/sec        0.0000/sec   total: 5
2016-10-13T17:16:10.705Z|00095|coverage|INFO|cmap_expand                0.0/sec     0.000/sec        0.0000/sec   total: 13
2016-10-13T17:16:10.705Z|00096|coverage|INFO|cmap_shrink                0.0/sec     0.000/sec        0.0000/sec   total: 9
2016-10-13T17:16:10.706Z|00097|coverage|INFO|dpif_port_add              0.0/sec     0.000/sec        0.0000/sec   total: 6
2016-10-13T17:16:10.706Z|00098|coverage|INFO|dpif_flow_flush            0.0/sec     0.000/sec        0.0000/sec   total: 3
2016-10-13T17:16:10.706Z|00099|coverage|INFO|dpif_flow_get              0.0/sec     0.000/sec        0.0000/sec   total: 5
2016-10-13T17:16:10.706Z|00100|coverage|INFO|dpif_flow_put              0.0/sec     0.000/sec        0.0000/sec   total: 10
2016-10-13T17:16:10.706Z|00101|coverage|INFO|dpif_flow_del              0.0/sec     0.000/sec        0.0000/sec   total: 5
2016-10-13T17:16:10.706Z|00102|coverage|INFO|dpif_execute               0.0/sec     0.000/sec        0.0000/sec   total: 2
2016-10-13T17:16:10.706Z|00103|coverage|INFO|flow_extract               0.0/sec     0.000/sec        0.0000/sec   total: 1
2016-10-13T17:16:10.706Z|00104|coverage|INFO|miniflow_malloc            0.0/sec     0.000/sec        0.0000/sec   total: 117
2016-10-13T17:16:10.706Z|00105|coverage|INFO|hmap_pathological          0.0/sec     0.000/sec        0.0000/sec   total: 17
2016-10-13T17:16:10.706Z|00106|coverage|INFO|hmap_expand                0.0/sec     0.000/sec        0.0000/sec   total: 1326
2016-10-13T17:16:10.706Z|00107|coverage|INFO|netdev_get_stats           0.0/sec     0.000/sec        0.0000/sec   total: 7
2016-10-13T17:16:10.706Z|00108|coverage|INFO|txn_unchanged              0.0/sec     0.000/sec        0.0000/sec   total: 3
2016-10-13T17:16:10.707Z|00109|coverage|INFO|txn_incomplete             0.0/sec     0.000/sec        0.0000/sec   total: 24
2016-10-13T17:16:10.707Z|00110|coverage|INFO|txn_success                0.0/sec     0.000/sec        0.0000/sec   total: 8
2016-10-13T17:16:10.707Z|00111|coverage|INFO|poll_create_node           0.0/sec     0.000/sec        0.0000/sec   total: 2901
2016-10-13T17:16:10.707Z|00112|coverage|INFO|poll_zero_timeout          0.0/sec     0.000/sec        0.0000/sec   total: 14
2016-10-13T17:16:10.707Z|00113|coverage|INFO|rconn_queued               0.0/sec     0.000/sec        0.0000/sec   total: 3
2016-10-13T17:16:10.707Z|00114|coverage|INFO|rconn_sent                 0.0/sec     0.000/sec        0.0000/sec   total: 3
2016-10-13T17:16:10.707Z|00115|coverage|INFO|seq_change                 0.0/sec     0.000/sec        0.0000/sec   total: 66168
2016-10-13T17:16:10.707Z|00116|coverage|INFO|pstream_open               0.0/sec     0.000/sec        0.0000/sec   total: 5
2016-10-13T17:16:10.707Z|00117|coverage|INFO|stream_open                0.0/sec     0.000/sec        0.0000/sec   total: 1
2016-10-13T17:16:10.707Z|00118|coverage|INFO|util_xalloc                0.0/sec     0.000/sec        0.0000/sec   total: 27692
2016-10-13T17:16:10.707Z|00119|coverage|INFO|vconn_received             0.0/sec     0.000/sec        0.0000/sec   total: 9
2016-10-13T17:16:10.707Z|00120|coverage|INFO|vconn_sent                 0.0/sec     0.000/sec        0.0000/sec   total: 6
2016-10-13T17:16:10.707Z|00121|coverage|INFO|netdev_set_policing        0.0/sec     0.000/sec        0.0000/sec   total: 5
2016-10-13T17:16:10.708Z|00122|coverage|INFO|netdev_get_ifindex         0.0/sec     0.000/sec        0.0000/sec   total: 2
2016-10-13T17:16:10.708Z|00123|coverage|INFO|netdev_get_hwaddr          0.0/sec     0.000/sec        0.0000/sec   total: 12
2016-10-13T17:16:10.708Z|00124|coverage|INFO|netdev_set_hwaddr          0.0/sec     0.000/sec        0.0000/sec   total: 4
2016-10-13T17:16:10.708Z|00125|coverage|INFO|netdev_get_ethtool         0.0/sec     0.000/sec        0.0000/sec   total: 7
2016-10-13T17:16:10.708Z|00126|coverage|INFO|netlink_received           0.0/sec     0.000/sec        0.0000/sec   total: 39
2016-10-13T17:16:10.708Z|00127|coverage|INFO|netlink_recv_jumbo         0.0/sec     0.000/sec        0.0000/sec   total: 3
2016-10-13T17:16:10.708Z|00128|coverage|INFO|netlink_sent               0.0/sec     0.000/sec        0.0000/sec   total: 15
2016-10-13T17:16:10.708Z|00129|coverage|INFO|nln_changed                0.0/sec     0.000/sec        0.0000/sec   total: 9
2016-10-13T17:16:10.708Z|00130|coverage|INFO|57 events never hit
2016-10-13T17:16:10.711Z|00131|connmgr|INFO|ovsbr1<->unix: 1 flow_mods in the last 0 s (1 deletes)
2016-10-13T17:16:10.712Z|00132|connmgr|INFO|ovsbr1<->unix: 1 flow_mods in the last 0 s (1 adds)
2016-10-13T17:16:10.714Z|00133|connmgr|INFO|ovsbr1<->unix: 1 flow_mods in the last 0 s (1 adds)
2016-10-13T17:16:10.720Z|00134|dpif_netdev|INFO|Created 4 pmd threads on numa node 1
2016-10-13T17:16:10.720Z|00135|dpif_netdev|ERR|Cannot create pmd threads due to out of unpinned cores on numa node
2016-10-13T17:16:10.720Z|00136|dpif_netdev|ERR|Cannot create pmd threads due to out of unpinned cores on numa node
2016-10-13T17:16:11.225Z|00137|poll_loop|INFO|wakeup due to [POLLIN] on fd 42 (FIFO pipe:[1054703]) at lib/dpif-netdev.c:2639 (64% CPU usage)
2016-10-13T17:16:11.725Z|00138|poll_loop|INFO|wakeup due to [POLLIN] on fd 42 (FIFO pipe:[1054703]) at lib/dpif-netdev.c:2639 (64% CPU usage)
2016-10-13T17:16:12.225Z|00139|poll_loop|INFO|wakeup due to [POLLIN] on fd 42 (FIFO pipe:[1054703]) at lib/dpif-netdev.c:2639 (64% CPU usage)
2016-10-13T17:16:12.725Z|00140|poll_loop|INFO|wakeup due to [POLLIN] on fd 42 (FIFO pipe:[1054703]) at lib/dpif-netdev.c:2639 (64% CPU usage)
2016-10-13T17:16:13.176Z|00141|poll_loop|INFO|wakeup due to [POLLIN] on fd 42 (FIFO pipe:[1054703]) at lib/dpif-netdev.c:2639 (64% CPU usage)
2016-10-13T17:16:13.176Z|00142|poll_loop|INFO|wakeup due to [POLLIN] on fd 24 (<->/usr/local/var/run/openvswitch/db.sock) at lib/stream-fd.c:155 (64% CPU usage)
2016-10-13T17:16:13.201Z|00143|poll_loop|INFO|wakeup due to 24-ms timeout at vswitchd/bridge.c:2772 (64% CPU usage)
2016-10-13T17:16:13.226Z|00144|poll_loop|INFO|wakeup due to [POLLIN] on fd 42 (FIFO pipe:[1054703]) at lib/dpif-netdev.c:2639 (64% CPU usage)
2016-10-13T17:16:13.727Z|00145|poll_loop|INFO|wakeup due to [POLLIN] on fd 42 (FIFO pipe:[1054703]) at lib/dpif-netdev.c:2639 (64% CPU usage)
2016-10-13T17:16:18.202Z|00146|memory|INFO|peak resident set size grew 580% in last 10.0 seconds, from 3860 kB to 26240 kB
2016-10-13T17:16:18.202Z|00147|memory|INFO|handlers:17 ports:6 revalidators:7 rules:12
